<?xml version="1.0" encoding="UTF-8"?>
<testsuite name="com.mechanitis.demo.intelliji.MoodAnalyserTest" tests="1" skipped="0" failures="0" errors="0" timestamp="2021-09-20T11:47:50" hostname="DELL" time="0.02">
  <properties/>
  <testcase name="Happymood()" classname="com.mechanitis.demo.intelliji.MoodAnalyserTest" time="0.02"/>
  <system-out><![CDATA[]]></system-out>
  <system-err><![CDATA[]]></system-err>
</testsuite>
